t=2018-08-27T18:45:39-0700 lvl=info msg=Configured api=signer audit log=audit.log
t=2018-08-27T18:45:58-0700 lvl=info msg=Configured api=signer audit log=audit.log
t=2018-08-27T18:50:12-0700 lvl=info msg=Configured api=signer audit log=audit.log
t=2018-08-27T18:50:56-0700 lvl=info msg=Configured api=signer audit log=audit.log
t=2018-08-27T21:03:55-0700 lvl=info msg=Configured api=signer audit log=audit.log
t=2018-08-27T21:04:36-0700 lvl=info msg=Sign       api=signer type=request metadata="{\"remote\":\"127.0.0.1:53927\",\"local\":\"localhost:8550\",\"scheme\":\"HTTP/1.1\"}" addr="0x9ab95a4082e537e5e6f82fcff41996077143029c [chksum INVALID]" data=aabbccdd
t=2018-08-27T21:10:25-0700 lvl=info msg=Configured api=signer audit log=audit.log
t=2018-08-27T21:12:30-0700 lvl=info msg=Configured api=signer audit log=audit.log
t=2018-08-27T21:24:53-0700 lvl=info msg=Configured api=signer audit log=audit.log
t=2018-08-27T21:27:27-0700 lvl=info msg=Configured api=signer audit log=audit.log
t=2018-08-27T21:31:21-0700 lvl=info msg=Configured api=signer audit log=audit.log
t=2018-08-27T21:33:43-0700 lvl=info msg=Configured api=signer audit log=audit.log
t=2018-08-27T21:33:49-0700 lvl=info msg=Configured api=signer audit log=audit.log
t=2018-08-27T21:36:57-0700 lvl=info msg=Configured api=signer audit log=audit.log
t=2018-08-27T21:37:50-0700 lvl=info msg=Configured api=signer audit log=audit.log
t=2018-08-27T21:39:31-0700 lvl=info msg=Configured api=signer audit log=audit.log
t=2018-08-27T21:43:45-0700 lvl=info msg=Configured api=signer audit log=audit.log
t=2018-08-27T21:46:48-0700 lvl=info msg=Configured api=signer audit log=audit.log
t=2018-08-27T21:47:54-0700 lvl=info msg=Configured api=signer audit log=audit.log
t=2018-08-27T21:48:04-0700 lvl=info msg=Sign       api=signer type=request metadata="{\"remote\":\"127.0.0.1:59456\",\"local\":\"localhost:8550\",\"scheme\":\"HTTP/1.1\"}" addr="0x9ab95a4082e537e5e6f82fcff41996077143029c [chksum INVALID]" data=aabbccdd
t=2018-08-27T21:48:05-0700 lvl=info msg=Sign       api=signer type=request metadata="{\"remote\":\"127.0.0.1:59462\",\"local\":\"localhost:8550\",\"scheme\":\"HTTP/1.1\"}" addr="0x9ab95a4082e537e5e6f82fcff41996077143029c [chksum INVALID]" data=aabbccdd
t=2018-08-27T21:48:06-0700 lvl=info msg=Sign       api=signer type=request metadata="{\"remote\":\"127.0.0.1:59464\",\"local\":\"localhost:8550\",\"scheme\":\"HTTP/1.1\"}" addr="0x9ab95a4082e537e5e6f82fcff41996077143029c [chksum INVALID]" data=aabbccdd
t=2018-08-27T21:48:06-0700 lvl=info msg=Sign       api=signer type=request metadata="{\"remote\":\"127.0.0.1:59468\",\"local\":\"localhost:8550\",\"scheme\":\"HTTP/1.1\"}" addr="0x9ab95a4082e537e5e6f82fcff41996077143029c [chksum INVALID]" data=aabbccdd
t=2018-08-27T21:48:06-0700 lvl=info msg=Sign       api=signer type=request metadata="{\"remote\":\"127.0.0.1:59470\",\"local\":\"localhost:8550\",\"scheme\":\"HTTP/1.1\"}" addr="0x9ab95a4082e537e5e6f82fcff41996077143029c [chksum INVALID]" data=aabbccdd
t=2018-08-27T21:48:17-0700 lvl=info msg=Configured api=signer audit log=audit.log
t=2018-08-27T21:48:20-0700 lvl=info msg=Sign       api=signer type=request metadata="{\"remote\":\"127.0.0.1:59504\",\"local\":\"localhost:8550\",\"scheme\":\"HTTP/1.1\"}" addr="0x9ab95a4082e537e5e6f82fcff41996077143029c [chksum INVALID]" data=aabbccdd
t=2018-08-27T21:48:25-0700 lvl=info msg=Sign       api=signer type=request metadata="{\"remote\":\"127.0.0.1:59516\",\"local\":\"localhost:8550\",\"scheme\":\"HTTP/1.1\"}" addr="0x9ab95a4082e537e5e6f82fcff41996077143029c [chksum INVALID]" data=aabbccdd
t=2018-08-27T21:48:53-0700 lvl=info msg=Configured api=signer audit log=audit.log
t=2018-08-27T21:49:02-0700 lvl=info msg=Sign       api=signer type=request metadata="{\"remote\":\"127.0.0.1:59596\",\"local\":\"localhost:8550\",\"scheme\":\"HTTP/1.1\"}" addr="0x9ab95a4082e537e5e6f82fcff41996077143029c [chksum INVALID]" data=aabbccdd
t=2018-08-27T21:49:24-0700 lvl=info msg=Configured api=signer audit log=audit.log
t=2018-08-27T21:49:28-0700 lvl=info msg=Sign       api=signer type=request metadata="{\"remote\":\"127.0.0.1:59652\",\"local\":\"localhost:8550\",\"scheme\":\"HTTP/1.1\"}" addr="0x9ab95a4082e537e5e6f82fcff41996077143029c [chksum INVALID]" data=aabbccdd
t=2018-08-27T21:49:44-0700 lvl=info msg=Configured api=signer audit log=audit.log
t=2018-08-27T21:49:50-0700 lvl=info msg=Sign       api=signer type=request metadata="{\"remote\":\"127.0.0.1:59703\",\"local\":\"localhost:8550\",\"scheme\":\"HTTP/1.1\"}" addr="0x9ab95a4082e537e5e6f82fcff41996077143029c [chksum INVALID]" data=aabbccdd
t=2018-08-27T21:49:51-0700 lvl=info msg=Sign       api=signer type=request metadata="{\"remote\":\"127.0.0.1:59707\",\"local\":\"localhost:8550\",\"scheme\":\"HTTP/1.1\"}" addr="0x9ab95a4082e537e5e6f82fcff41996077143029c [chksum INVALID]" data=aabbccdd
t=2018-08-27T21:49:51-0700 lvl=info msg=Sign       api=signer type=request metadata="{\"remote\":\"127.0.0.1:59709\",\"local\":\"localhost:8550\",\"scheme\":\"HTTP/1.1\"}" addr="0x9ab95a4082e537e5e6f82fcff41996077143029c [chksum INVALID]" data=aabbccdd
t=2018-08-27T21:56:46-0700 lvl=info msg=Configured api=signer audit log=audit.log
t=2018-08-27T21:56:50-0700 lvl=info msg=Sign       api=signer type=request metadata="{\"remote\":\"127.0.0.1:60594\",\"local\":\"localhost:8550\",\"scheme\":\"HTTP/1.1\"}" addr="0x9ab95a4082e537e5e6f82fcff41996077143029c [chksum INVALID]" data=aabbccdd
t=2018-08-27T21:59:47-0700 lvl=info msg=Configured api=signer audit log=audit.log
t=2018-08-27T21:59:52-0700 lvl=info msg=Sign       api=signer type=request metadata="{\"remote\":\"127.0.0.1:60976\",\"local\":\"localhost:8550\",\"scheme\":\"HTTP/1.1\"}" addr="0x9ab95a4082e537e5e6f82fcff41996077143029c [chksum INVALID]" data=aabbccdd
t=2018-08-27T22:00:08-0700 lvl=info msg=Configured api=signer audit log=audit.log
t=2018-08-27T22:00:12-0700 lvl=info msg=Sign       api=signer type=request metadata="{\"remote\":\"127.0.0.1:61018\",\"local\":\"localhost:8550\",\"scheme\":\"HTTP/1.1\"}" addr="0x9ab95a4082e537e5e6f82fcff41996077143029c [chksum INVALID]" data=aabbccdd
t=2018-08-27T22:00:46-0700 lvl=info msg=Configured api=signer audit log=audit.log
t=2018-08-27T22:00:51-0700 lvl=info msg=Sign       api=signer type=request metadata="{\"remote\":\"127.0.0.1:61108\",\"local\":\"localhost:8550\",\"scheme\":\"HTTP/1.1\"}" addr="0x9ab95a4082e537e5e6f82fcff41996077143029c [chksum INVALID]" data=aabbccdd
t=2018-08-27T22:00:58-0700 lvl=info msg=Configured api=signer audit log=audit.log
t=2018-08-27T22:01:01-0700 lvl=info msg=Sign       api=signer type=request metadata="{\"remote\":\"127.0.0.1:61132\",\"local\":\"localhost:8550\",\"scheme\":\"HTTP/1.1\"}" addr="0x9ab95a4082e537e5e6f82fcff41996077143029c [chksum INVALID]" data=aabbccdd
t=2018-08-27T22:01:49-0700 lvl=info msg=Configured api=signer audit log=audit.log
t=2018-08-27T22:01:57-0700 lvl=info msg=Sign       api=signer type=request metadata="{\"remote\":\"127.0.0.1:61253\",\"local\":\"localhost:8550\",\"scheme\":\"HTTP/1.1\"}" addr="0x9ab95a4082e537e5e6f82fcff41996077143029c [chksum INVALID]" data=aabbccdd
t=2018-08-27T22:07:20-0700 lvl=info msg=Configured api=signer audit log=audit.log
t=2018-08-27T22:07:26-0700 lvl=info msg=Configured api=signer audit log=audit.log
t=2018-08-27T22:07:29-0700 lvl=info msg=Sign       api=signer type=request metadata="{\"remote\":\"127.0.0.1:61960\",\"local\":\"localhost:8550\",\"scheme\":\"HTTP/1.1\"}" addr="0x9ab95a4082e537e5e6f82fcff41996077143029c [chksum INVALID]" data=aabbccdd
t=2018-08-27T22:08:21-0700 lvl=info msg=Sign       api=signer type=request metadata="{\"remote\":\"127.0.0.1:62071\",\"local\":\"localhost:8550\",\"scheme\":\"HTTP/1.1\"}" addr="0x9ab95a4082e537e5e6f82fcff41996077143029c [chksum INVALID]" data=aabbccdd
t=2018-08-27T22:08:22-0700 lvl=info msg=Sign       api=signer type=request metadata="{\"remote\":\"127.0.0.1:62075\",\"local\":\"localhost:8550\",\"scheme\":\"HTTP/1.1\"}" addr="0x9ab95a4082e537e5e6f82fcff41996077143029c [chksum INVALID]" data=aabbccdd
t=2018-08-27T22:08:43-0700 lvl=info msg=Configured api=signer audit log=audit.log
t=2018-08-27T22:08:48-0700 lvl=info msg=Sign       api=signer type=request metadata="{\"remote\":\"127.0.0.1:62132\",\"local\":\"localhost:8550\",\"scheme\":\"HTTP/1.1\"}" addr="0x9ab95a4082e537e5e6f82fcff41996077143029c [chksum INVALID]" data=aabbccdd
t=2018-08-27T22:08:59-0700 lvl=info msg=Sign       api=signer type=request metadata="{\"remote\":\"127.0.0.1:62157\",\"local\":\"localhost:8550\",\"scheme\":\"HTTP/1.1\"}" addr="0x9ab95a4082e537e5e6f82fcff41996077143029c [chksum INVALID]" data=aabbccdd
t=2018-08-27T22:11:16-0700 lvl=info msg=Configured api=signer audit log=audit.log
t=2018-08-27T22:12:47-0700 lvl=info msg=Configured api=signer audit log=audit.log
t=2018-08-27T22:17:31-0700 lvl=info msg=Configured api=signer audit log=audit.log
t=2018-08-27T22:17:39-0700 lvl=info msg=Sign       api=signer type=request metadata="{\"remote\":\"127.0.0.1:63244\",\"local\":\"localhost:8550\",\"scheme\":\"HTTP/1.1\"}" addr="0x9ab95a4082e537e5e6f82fcff41996077143029c [chksum INVALID]" data=aabbccdd
t=2018-08-27T22:18:42-0700 lvl=info msg=Configured api=signer audit log=audit.log
t=2018-08-27T22:18:54-0700 lvl=info msg=Configured api=signer audit log=audit.log
t=2018-08-27T22:21:12-0700 lvl=info msg=Configured api=signer audit log=audit.log
t=2018-08-27T22:21:20-0700 lvl=info msg=Configured api=signer audit log=audit.log
t=2018-08-27T22:21:32-0700 lvl=info msg=Configured api=signer audit log=audit.log
t=2018-08-27T22:24:19-0700 lvl=info msg=Configured api=signer audit log=audit.log
t=2018-08-27T22:28:38-0700 lvl=info msg=Configured api=signer audit log=audit.log
t=2018-08-27T22:28:42-0700 lvl=info msg=Sign       api=signer type=request metadata="{\"remote\":\"127.0.0.1:64671\",\"local\":\"localhost:8550\",\"scheme\":\"HTTP/1.1\"}" addr="0x9ab95a4082e537e5e6f82fcff41996077143029c [chksum INVALID]" data=aabbccdd
t=2018-08-27T22:29:25-0700 lvl=info msg=Sign       api=signer type=request metadata="{\"remote\":\"127.0.0.1:64764\",\"local\":\"localhost:8550\",\"scheme\":\"HTTP/1.1\"}" addr="0x9ab95a4082e537e5e6f82fcff41996077143029c [chksum INVALID]" data=aabbccdd
t=2018-08-27T22:29:55-0700 lvl=info msg=Configured api=signer audit log=audit.log
t=2018-08-27T22:30:01-0700 lvl=info msg=Sign       api=signer type=request metadata="{\"remote\":\"127.0.0.1:64839\",\"local\":\"localhost:8550\",\"scheme\":\"HTTP/1.1\"}" addr="0x9ab95a4082e537e5e6f82fcff41996077143029c [chksum INVALID]" data=aabbccdd
t=2018-08-27T22:31:13-0700 lvl=info msg=Configured api=signer audit log=audit.log
t=2018-08-27T22:31:22-0700 lvl=info msg=Sign       api=signer type=request metadata="{\"remote\":\"127.0.0.1:65014\",\"local\":\"localhost:8550\",\"scheme\":\"HTTP/1.1\"}" addr="0x9ab95a4082e537e5e6f82fcff41996077143029c [chksum INVALID]" data=aabbccdd
t=2018-08-27T22:31:50-0700 lvl=info msg=Configured api=signer audit log=audit.log
t=2018-08-27T22:31:54-0700 lvl=info msg=Configured api=signer audit log=audit.log
t=2018-08-27T22:32:06-0700 lvl=info msg=Sign       api=signer type=request metadata="{\"remote\":\"127.0.0.1:65108\",\"local\":\"localhost:8550\",\"scheme\":\"HTTP/1.1\"}" addr="0x9ab95a4082e537e5e6f82fcff41996077143029c [chksum INVALID]" data=aabbccdd
t=2018-08-27T22:33:29-0700 lvl=info msg=Configured api=signer audit log=audit.log
t=2018-08-27T22:33:33-0700 lvl=info msg=Sign       api=signer type=request metadata="{\"remote\":\"127.0.0.1:65304\",\"local\":\"localhost:8550\",\"scheme\":\"HTTP/1.1\"}" addr="0x9ab95a4082e537e5e6f82fcff41996077143029c [chksum INVALID]" data=aabbccdd
t=2018-08-27T22:35:02-0700 lvl=info msg=Configured api=signer audit log=audit.log
t=2018-08-27T22:35:08-0700 lvl=info msg=Sign       api=signer type=request metadata="{\"remote\":\"127.0.0.1:65500\",\"local\":\"localhost:8550\",\"scheme\":\"HTTP/1.1\"}" addr="0x9ab95a4082e537e5e6f82fcff41996077143029c [chksum INVALID]" data=aabbccdd
t=2018-08-27T22:35:27-0700 lvl=info msg=Configured api=signer audit log=audit.log
t=2018-08-27T22:35:39-0700 lvl=info msg=Configured api=signer audit log=audit.log
t=2018-08-27T22:36:28-0700 lvl=info msg=Configured api=signer audit log=audit.log
t=2018-08-27T22:36:54-0700 lvl=info msg=Configured api=signer audit log=audit.log
t=2018-08-27T22:37:30-0700 lvl=info msg=Configured api=signer audit log=audit.log
t=2018-08-27T22:37:43-0700 lvl=info msg=Sign       api=signer type=request metadata="{\"remote\":\"127.0.0.1:49452\",\"local\":\"localhost:8550\",\"scheme\":\"HTTP/1.1\"}" addr="0x9ab95a4082e537e5e6f82fcff41996077143029c [chksum INVALID]" data=aabbccdd
t=2018-08-27T22:38:05-0700 lvl=info msg=List       api=signer type=request metadata="{\"remote\":\"127.0.0.1:49499\",\"local\":\"localhost:8550\",\"scheme\":\"HTTP/1.1\"}"
t=2018-08-27T22:38:24-0700 lvl=info msg=Configured api=signer audit log=audit.log
t=2018-08-27T22:38:28-0700 lvl=info msg=List       api=signer type=request metadata="{\"remote\":\"127.0.0.1:49551\",\"local\":\"localhost:8550\",\"scheme\":\"HTTP/1.1\"}"
t=2018-08-27T22:38:31-0700 lvl=info msg=Sign       api=signer type=request metadata="{\"remote\":\"127.0.0.1:49557\",\"local\":\"localhost:8550\",\"scheme\":\"HTTP/1.1\"}" addr="0x9ab95a4082e537e5e6f82fcff41996077143029c [chksum INVALID]" data=aabbccdd
t=2018-08-27T22:38:58-0700 lvl=info msg=Sign       api=signer type=request metadata="{\"remote\":\"127.0.0.1:49617\",\"local\":\"localhost:8550\",\"scheme\":\"HTTP/1.1\"}" addr="0x9ab95a4082e537e5e6f82fcff41996077143029c [chksum INVALID]" data=aabbccdd
t=2018-08-27T22:39:21-0700 lvl=info msg=List       api=signer type=request metadata="{\"remote\":\"127.0.0.1:49663\",\"local\":\"localhost:8550\",\"scheme\":\"HTTP/1.1\"}"
t=2018-08-27T22:39:34-0700 lvl=info msg=Configured api=signer audit log=audit.log
t=2018-08-27T22:39:37-0700 lvl=info msg=List       api=signer type=request metadata="{\"remote\":\"127.0.0.1:49699\",\"local\":\"localhost:8550\",\"scheme\":\"HTTP/1.1\"}"
t=2018-08-27T22:41:02-0700 lvl=info msg=Configured api=signer audit log=audit.log
t=2018-08-27T22:41:06-0700 lvl=info msg=List       api=signer type=request metadata="{\"remote\":\"127.0.0.1:49895\",\"local\":\"localhost:8550\",\"scheme\":\"HTTP/1.1\"}"
t=2018-08-27T22:41:09-0700 lvl=info msg=Sign       api=signer type=request metadata="{\"remote\":\"127.0.0.1:49903\",\"local\":\"localhost:8550\",\"scheme\":\"HTTP/1.1\"}" addr="0x9ab95a4082e537e5e6f82fcff41996077143029c [chksum INVALID]" data=aabbccdd
t=2018-08-27T22:42:27-0700 lvl=info msg=Configured api=signer audit log=audit.log
t=2018-08-27T22:42:31-0700 lvl=info msg=Sign       api=signer type=request metadata="{\"remote\":\"127.0.0.1:50077\",\"local\":\"localhost:8550\",\"scheme\":\"HTTP/1.1\"}" addr="0x9ab95a4082e537e5e6f82fcff41996077143029c [chksum INVALID]" data=aabbccdd
t=2018-08-27T22:42:46-0700 lvl=info msg=Configured api=signer audit log=audit.log
t=2018-08-27T22:42:50-0700 lvl=info msg=Sign       api=signer type=request metadata="{\"remote\":\"127.0.0.1:50117\",\"local\":\"localhost:8550\",\"scheme\":\"HTTP/1.1\"}" addr="0x9ab95a4082e537e5e6f82fcff41996077143029c [chksum INVALID]" data=aabbccdd
t=2018-08-27T22:42:51-0700 lvl=info msg=Sign       api=signer type=request metadata="{\"remote\":\"127.0.0.1:50124\",\"local\":\"localhost:8550\",\"scheme\":\"HTTP/1.1\"}" addr="0x9ab95a4082e537e5e6f82fcff41996077143029c [chksum INVALID]" data=aabbccdd
t=2018-08-27T22:43:05-0700 lvl=info msg=Configured api=signer audit log=audit.log
t=2018-08-27T22:43:08-0700 lvl=info msg=Sign       api=signer type=request metadata="{\"remote\":\"127.0.0.1:50163\",\"local\":\"localhost:8550\",\"scheme\":\"HTTP/1.1\"}" addr="0x9ab95a4082e537e5e6f82fcff41996077143029c [chksum INVALID]" data=aabbccdd
t=2018-08-27T22:44:18-0700 lvl=info msg=Configured api=signer audit log=audit.log
t=2018-08-27T22:44:21-0700 lvl=info msg=Sign       api=signer type=request metadata="{\"remote\":\"127.0.0.1:50315\",\"local\":\"localhost:8550\",\"scheme\":\"HTTP/1.1\"}" addr="0x9ab95a4082e537e5e6f82fcff41996077143029c [chksum INVALID]" data=aabbccdd
t=2018-08-27T22:44:27-0700 lvl=info msg=List       api=signer type=request metadata="{\"remote\":\"127.0.0.1:50331\",\"local\":\"localhost:8550\",\"scheme\":\"HTTP/1.1\"}"
t=2018-08-27T22:46:51-0700 lvl=info msg=Configured api=signer audit log=audit.log
t=2018-08-28T13:57:33-0700 lvl=info msg=Configured api=signer audit log=audit.log
t=2018-08-28T13:58:05-0700 lvl=info msg=Configured api=signer audit log=audit.log
t=2018-08-28T13:58:19-0700 lvl=info msg=Configured api=signer audit log=audit.log
t=2018-08-28T13:58:25-0700 lvl=info msg=List       api=signer type=request metadata="{\"remote\":\"127.0.0.1:57104\",\"local\":\"localhost:8550\",\"scheme\":\"HTTP/1.1\"}"
t=2018-08-28T13:58:27-0700 lvl=info msg=List       api=signer type=request metadata="{\"remote\":\"127.0.0.1:57105\",\"local\":\"localhost:8550\",\"scheme\":\"HTTP/1.1\"}"
t=2018-08-28T13:58:28-0700 lvl=info msg=List       api=signer type=request metadata="{\"remote\":\"127.0.0.1:57106\",\"local\":\"localhost:8550\",\"scheme\":\"HTTP/1.1\"}"
t=2018-08-28T13:58:57-0700 lvl=info msg=Configured api=signer audit log=audit.log
t=2018-08-28T13:59:20-0700 lvl=info msg=Configured api=signer audit log=audit.log
t=2018-08-28T13:59:53-0700 lvl=info msg=Configured api=signer audit log=audit.log
t=2018-08-28T14:03:13-0700 lvl=info msg=Configured api=signer audit log=audit.log
t=2018-08-28T14:04:30-0700 lvl=info msg=Configured api=signer audit log=audit.log
t=2018-08-28T14:04:38-0700 lvl=info msg=List       api=signer type=request metadata="{\"remote\":\"127.0.0.1:57151\",\"local\":\"localhost:8550\",\"scheme\":\"HTTP/1.1\"}"
t=2018-08-28T14:06:04-0700 lvl=info msg=Configured api=signer audit log=audit.log
t=2018-08-28T14:06:09-0700 lvl=info msg=Configured api=signer audit log=audit.log
t=2018-08-28T14:06:17-0700 lvl=info msg=Configured api=signer audit log=audit.log
t=2018-08-28T14:07:07-0700 lvl=info msg=Configured api=signer audit log=audit.log
t=2018-08-28T14:07:33-0700 lvl=info msg=Configured api=signer audit log=audit.log
t=2018-08-28T14:07:45-0700 lvl=info msg=Configured api=signer audit log=audit.log
t=2018-08-28T14:08:18-0700 lvl=info msg=Configured api=signer audit log=audit.log
t=2018-08-28T14:14:49-0700 lvl=info msg=Configured api=signer audit log=audit.log
t=2018-08-28T14:15:12-0700 lvl=info msg=Configured api=signer audit log=audit.log
t=2018-08-28T14:17:22-0700 lvl=info msg=Configured api=signer audit log=audit.log
t=2018-08-28T14:18:07-0700 lvl=info msg=Configured api=signer audit log=audit.log
t=2018-08-28T14:20:11-0700 lvl=info msg=Configured api=signer audit log=audit.log
t=2018-08-28T14:20:44-0700 lvl=info msg=Configured api=signer audit log=audit.log
t=2018-08-28T14:23:02-0700 lvl=info msg=Configured api=signer audit log=audit.log
t=2018-08-28T14:25:27-0700 lvl=info msg=Configured api=signer audit log=audit.log
t=2018-08-28T14:25:37-0700 lvl=info msg=Configured api=signer audit log=audit.log
t=2018-08-28T14:25:59-0700 lvl=info msg=Configured api=signer audit log=audit.log
t=2018-08-28T14:26:34-0700 lvl=info msg=Configured api=signer audit log=audit.log
t=2018-08-28T14:28:29-0700 lvl=info msg=Configured api=signer audit log=audit.log
t=2018-08-28T14:28:45-0700 lvl=info msg=Configured api=signer audit log=audit.log
t=2018-08-28T14:28:56-0700 lvl=info msg=Configured api=signer audit log=audit.log
t=2018-08-28T14:29:00-0700 lvl=info msg=List       api=signer type=request metadata="{\"remote\":\"127.0.0.1:57308\",\"local\":\"localhost:8550\",\"scheme\":\"HTTP/1.1\"}"
t=2018-08-28T14:29:00-0700 lvl=info msg=List       api=signer type=request metadata="{\"remote\":\"127.0.0.1:57309\",\"local\":\"localhost:8550\",\"scheme\":\"HTTP/1.1\"}"
t=2018-08-28T14:29:44-0700 lvl=info msg=Configured api=signer audit log=audit.log
t=2018-08-28T14:30:38-0700 lvl=info msg=Configured api=signer audit log=audit.log
t=2018-08-28T14:32:40-0700 lvl=info msg=Configured api=signer audit log=audit.log
t=2018-08-28T14:33:05-0700 lvl=info msg=Configured api=signer audit log=audit.log
t=2018-08-28T14:36:37-0700 lvl=info msg=Configured api=signer audit log=audit.log
t=2018-08-28T14:38:13-0700 lvl=info msg=Configured api=signer audit log=audit.log
t=2018-08-28T14:39:34-0700 lvl=info msg=Configured api=signer audit log=audit.log
t=2018-08-28T14:39:42-0700 lvl=info msg=Configured api=signer audit log=audit.log
t=2018-08-28T14:39:45-0700 lvl=info msg=List       api=signer type=request metadata="{\"remote\":\"127.0.0.1:57390\",\"local\":\"localhost:8550\",\"scheme\":\"HTTP/1.1\"}"
t=2018-08-28T14:39:46-0700 lvl=info msg=List       api=signer type=request metadata="{\"remote\":\"127.0.0.1:57391\",\"local\":\"localhost:8550\",\"scheme\":\"HTTP/1.1\"}"
t=2018-08-28T14:39:47-0700 lvl=info msg=List       api=signer type=request metadata="{\"remote\":\"127.0.0.1:57393\",\"local\":\"localhost:8550\",\"scheme\":\"HTTP/1.1\"}"
t=2018-08-28T14:40:03-0700 lvl=info msg=Configured api=signer audit log=audit.log
t=2018-08-28T14:40:27-0700 lvl=info msg=Configured api=signer audit log=audit.log
t=2018-08-28T14:42:10-0700 lvl=info msg=Configured api=signer audit log=audit.log
t=2018-08-28T14:42:42-0700 lvl=info msg=Configured api=signer audit log=audit.log
t=2018-08-28T14:44:39-0700 lvl=info msg=Configured api=signer audit log=audit.log
t=2018-08-28T14:45:36-0700 lvl=info msg=Configured api=signer audit log=audit.log
t=2018-08-28T14:46:52-0700 lvl=info msg=Configured api=signer audit log=audit.log
t=2018-08-28T15:10:37-0700 lvl=info msg=Configured api=signer audit log=audit.log
t=2018-08-28T15:11:06-0700 lvl=info msg=Configured api=signer audit log=audit.log
t=2018-08-28T15:13:06-0700 lvl=info msg=Configured api=signer audit log=audit.log
t=2018-08-28T15:13:28-0700 lvl=info msg=Configured api=signer audit log=audit.log
t=2018-08-28T15:13:35-0700 lvl=info msg=List       api=signer type=request metadata="{\"remote\":\"127.0.0.1:58753\",\"local\":\"localhost:8550\",\"scheme\":\"HTTP/1.1\"}"
t=2018-08-28T15:13:35-0700 lvl=info msg=List       api=signer type=request metadata="{\"remote\":\"127.0.0.1:58754\",\"local\":\"localhost:8550\",\"scheme\":\"HTTP/1.1\"}"
t=2018-08-28T15:14:30-0700 lvl=info msg=Configured api=signer audit log=audit.log
t=2018-08-28T15:14:52-0700 lvl=info msg=Configured api=signer audit log=audit.log
t=2018-08-28T15:15:13-0700 lvl=info msg=Configured api=signer audit log=audit.log
t=2018-08-28T15:15:18-0700 lvl=info msg=Configured api=signer audit log=audit.log
t=2018-08-28T15:15:25-0700 lvl=info msg=Configured api=signer audit log=audit.log
t=2018-08-28T15:15:28-0700 lvl=info msg=List       api=signer type=request metadata="{\"remote\":\"127.0.0.1:58996\",\"local\":\"localhost:8550\",\"scheme\":\"HTTP/1.1\"}"
t=2018-08-28T15:15:45-0700 lvl=info msg=Configured api=signer audit log=audit.log
t=2018-08-28T15:15:50-0700 lvl=info msg=Configured api=signer audit log=audit.log
t=2018-08-28T15:15:59-0700 lvl=info msg=Configured api=signer audit log=audit.log
t=2018-08-28T15:16:29-0700 lvl=info msg=Configured api=signer audit log=audit.log
t=2018-08-28T15:17:12-0700 lvl=info msg=Configured api=signer audit log=audit.log
t=2018-08-28T15:17:33-0700 lvl=info msg=Configured api=signer audit log=audit.log
t=2018-08-28T15:18:01-0700 lvl=info msg=Configured api=signer audit log=audit.log
t=2018-08-28T15:18:10-0700 lvl=info msg=Configured api=signer audit log=audit.log
t=2018-08-28T15:22:33-0700 lvl=info msg=Configured api=signer audit log=audit.log
t=2018-08-28T15:23:26-0700 lvl=info msg=Configured api=signer audit log=audit.log
t=2018-08-28T15:23:51-0700 lvl=info msg=Configured api=signer audit log=audit.log
t=2018-08-28T15:24:09-0700 lvl=info msg=Configured api=signer audit log=audit.log
t=2018-08-28T15:24:14-0700 lvl=info msg=Configured api=signer audit log=audit.log
t=2018-08-28T15:25:24-0700 lvl=info msg=Configured api=signer audit log=audit.log
t=2018-08-28T15:26:05-0700 lvl=info msg=Configured api=signer audit log=audit.log
t=2018-08-28T15:26:40-0700 lvl=info msg=Configured api=signer audit log=audit.log
t=2018-08-28T15:28:07-0700 lvl=info msg=Configured api=signer audit log=audit.log
t=2018-08-28T15:29:15-0700 lvl=info msg=Configured api=signer audit log=audit.log
t=2018-08-28T15:31:07-0700 lvl=info msg=Configured api=signer audit log=audit.log
t=2018-08-28T15:36:46-0700 lvl=info msg=Configured api=signer audit log=audit.log
t=2018-08-28T15:37:04-0700 lvl=info msg=Configured api=signer audit log=audit.log
t=2018-08-28T15:37:46-0700 lvl=info msg=Configured api=signer audit log=audit.log
t=2018-08-28T15:37:51-0700 lvl=info msg=List       api=signer type=request metadata="{\"remote\":\"127.0.0.1:61864\",\"local\":\"localhost:8550\",\"scheme\":\"HTTP/1.1\"}"
t=2018-08-28T15:38:13-0700 lvl=info msg=Configured api=signer audit log=audit.log
t=2018-08-28T15:38:16-0700 lvl=info msg=List       api=signer type=request metadata="{\"remote\":\"127.0.0.1:61918\",\"local\":\"localhost:8550\",\"scheme\":\"HTTP/1.1\"}"
t=2018-08-28T15:38:16-0700 lvl=info msg=List       api=signer type=request metadata="{\"remote\":\"127.0.0.1:61919\",\"local\":\"localhost:8550\",\"scheme\":\"HTTP/1.1\"}"
t=2018-08-28T15:48:12-0700 lvl=info msg=Configured api=signer audit log=audit.log
t=2018-08-28T15:48:54-0700 lvl=info msg=Configured api=signer audit log=audit.log
t=2018-08-28T15:55:12-0700 lvl=info msg=Configured api=signer audit log=audit.log
t=2018-08-28T16:03:18-0700 lvl=info msg=Configured api=signer audit log=audit.log
t=2018-08-28T16:03:35-0700 lvl=info msg=Configured api=signer audit log=audit.log
t=2018-08-28T16:03:42-0700 lvl=info msg=List       api=signer type=request metadata="{\"remote\":\"127.0.0.1:65114\",\"local\":\"localhost:8550\",\"scheme\":\"HTTP/1.1\"}"
t=2018-08-28T16:04:08-0700 lvl=info msg=Configured api=signer audit log=audit.log
t=2018-08-28T16:04:56-0700 lvl=info msg=Configured api=signer audit log=audit.log
t=2018-08-28T16:06:18-0700 lvl=info msg=Configured api=signer audit log=audit.log
t=2018-08-28T16:06:52-0700 lvl=info msg=Configured api=signer audit log=audit.log
t=2018-08-28T16:06:59-0700 lvl=info msg=Configured api=signer audit log=audit.log
t=2018-08-28T16:07:27-0700 lvl=info msg=Configured api=signer audit log=audit.log
t=2018-08-28T16:14:48-0700 lvl=info msg=Configured api=signer audit log=audit.log
t=2018-08-28T16:22:47-0700 lvl=info msg=Configured api=signer audit log=audit.log
t=2018-08-28T16:23:07-0700 lvl=info msg=Configured api=signer audit log=audit.log
t=2018-08-28T16:24:21-0700 lvl=info msg=Configured api=signer audit log=audit.log
t=2018-08-28T16:29:25-0700 lvl=info msg=Configured api=signer audit log=audit.log
t=2018-08-28T16:32:46-0700 lvl=info msg=Configured api=signer audit log=audit.log
t=2018-08-28T16:33:00-0700 lvl=info msg=Configured api=signer audit log=audit.log
t=2018-08-28T16:33:25-0700 lvl=info msg=Configured api=signer audit log=audit.log
t=2018-08-28T16:36:18-0700 lvl=info msg=Configured api=signer audit log=audit.log
t=2018-08-28T16:37:02-0700 lvl=info msg=Configured api=signer audit log=audit.log
t=2018-08-28T16:41:00-0700 lvl=info msg=Configured api=signer audit log=audit.log
t=2018-08-28T16:42:16-0700 lvl=info msg=Configured api=signer audit log=audit.log
t=2018-08-28T16:42:54-0700 lvl=info msg=Configured api=signer audit log=audit.log
t=2018-08-28T16:43:44-0700 lvl=info msg=Configured api=signer audit log=audit.log
t=2018-08-28T16:44:32-0700 lvl=info msg=Configured api=signer audit log=audit.log
t=2018-08-28T16:45:01-0700 lvl=info msg=Configured api=signer audit log=audit.log
t=2018-08-28T16:45:46-0700 lvl=info msg=Configured api=signer audit log=audit.log
t=2018-08-28T16:46:34-0700 lvl=info msg=Configured api=signer audit log=audit.log
t=2018-08-28T16:47:19-0700 lvl=info msg=Configured api=signer audit log=audit.log
t=2018-08-28T16:47:41-0700 lvl=info msg=Configured api=signer audit log=audit.log
t=2018-08-28T16:48:05-0700 lvl=info msg=Configured api=signer audit log=audit.log
t=2018-08-28T16:49:05-0700 lvl=info msg=Configured api=signer audit log=audit.log
t=2018-08-28T16:49:19-0700 lvl=info msg=Configured api=signer audit log=audit.log
t=2018-08-28T16:50:54-0700 lvl=info msg=Configured api=signer audit log=audit.log
t=2018-08-28T16:51:15-0700 lvl=info msg=Configured api=signer audit log=audit.log
t=2018-08-28T16:53:25-0700 lvl=info msg=Configured api=signer audit log=audit.log
t=2018-08-28T16:56:24-0700 lvl=info msg=Configured api=signer audit log=audit.log
t=2018-08-28T16:56:37-0700 lvl=info msg=Configured api=signer audit log=audit.log
t=2018-08-28T16:56:53-0700 lvl=info msg=Configured api=signer audit log=audit.log
t=2018-08-28T16:59:16-0700 lvl=info msg=Configured api=signer audit log=audit.log
t=2018-08-28T17:04:42-0700 lvl=info msg=Configured api=signer audit log=audit.log
t=2018-08-28T17:05:29-0700 lvl=info msg=Configured api=signer audit log=audit.log
t=2018-08-28T17:05:42-0700 lvl=info msg=Configured api=signer audit log=audit.log
t=2018-08-28T17:07:14-0700 lvl=info msg=Configured api=signer audit log=audit.log
t=2018-08-28T17:13:54-0700 lvl=info msg=Configured api=signer audit log=audit.log
t=2018-08-28T17:18:01-0700 lvl=info msg=Configured api=signer audit log=audit.log
t=2018-08-28T17:18:49-0700 lvl=info msg=Configured api=signer audit log=audit.log
t=2018-08-28T17:21:24-0700 lvl=info msg=Configured api=signer audit log=audit.log
t=2018-08-28T17:21:37-0700 lvl=info msg=Configured api=signer audit log=audit.log
t=2018-08-28T17:21:47-0700 lvl=info msg=Configured api=signer audit log=audit.log
t=2018-08-28T17:22:03-0700 lvl=info msg=Configured api=signer audit log=audit.log
t=2018-08-28T17:22:10-0700 lvl=info msg=Configured api=signer audit log=audit.log
t=2018-08-28T17:24:27-0700 lvl=info msg=Configured api=signer audit log=audit.log
t=2018-08-28T17:24:40-0700 lvl=info msg=Configured api=signer audit log=audit.log
t=2018-08-28T17:33:24-0700 lvl=info msg=Configured api=signer audit log=audit.log
t=2018-08-28T17:33:42-0700 lvl=info msg=Configured api=signer audit log=audit.log
t=2018-08-28T17:38:24-0700 lvl=info msg=Configured api=signer audit log=audit.log
t=2018-08-28T17:38:51-0700 lvl=info msg=Configured api=signer audit log=audit.log
t=2018-08-28T17:38:57-0700 lvl=info msg=Configured api=signer audit log=audit.log
t=2018-08-28T17:39:19-0700 lvl=info msg=Configured api=signer audit log=audit.log
t=2018-08-28T17:39:58-0700 lvl=info msg=Configured api=signer audit log=audit.log
t=2018-08-28T17:40:12-0700 lvl=info msg=Configured api=signer audit log=audit.log
t=2018-08-28T17:40:29-0700 lvl=info msg=Configured api=signer audit log=audit.log
t=2018-08-28T17:40:52-0700 lvl=info msg=Configured api=signer audit log=audit.log
t=2018-08-28T17:41:18-0700 lvl=info msg=Configured api=signer audit log=audit.log
t=2018-08-28T17:41:34-0700 lvl=info msg=Configured api=signer audit log=audit.log
t=2018-08-28T17:42:33-0700 lvl=info msg=Configured api=signer audit log=audit.log
t=2018-08-28T17:43:26-0700 lvl=info msg=Configured api=signer audit log=audit.log
t=2018-08-28T17:44:01-0700 lvl=info msg=Configured api=signer audit log=audit.log
t=2018-08-28T17:44:13-0700 lvl=info msg=Configured api=signer audit log=audit.log
t=2018-08-28T17:50:12-0700 lvl=info msg=Configured api=signer audit log=audit.log
t=2018-08-28T17:51:52-0700 lvl=info msg=Configured api=signer audit log=audit.log
t=2018-08-28T17:52:14-0700 lvl=info msg=Configured api=signer audit log=audit.log
t=2018-08-28T17:52:53-0700 lvl=info msg=Configured api=signer audit log=audit.log
t=2018-08-28T17:55:36-0700 lvl=info msg=Configured api=signer audit log=audit.log
t=2018-08-28T18:06:09-0700 lvl=info msg=Configured api=signer audit log=audit.log
t=2018-08-28T18:19:23-0700 lvl=info msg=Configured api=signer audit log=audit.log
t=2018-08-28T18:20:18-0700 lvl=info msg=Configured api=signer audit log=audit.log
t=2018-08-28T18:21:14-0700 lvl=info msg=Configured api=signer audit log=audit.log
t=2018-08-28T18:22:50-0700 lvl=info msg=Configured api=signer audit log=audit.log
t=2018-08-28T18:30:13-0700 lvl=info msg=Configured api=signer audit log=audit.log
t=2018-08-28T18:30:42-0700 lvl=info msg=Configured api=signer audit log=audit.log
t=2018-08-28T18:37:25-0700 lvl=info msg=Configured api=signer audit log=audit.log
t=2018-08-28T18:37:49-0700 lvl=info msg=Configured api=signer audit log=audit.log
t=2018-08-28T18:38:07-0700 lvl=info msg=Configured api=signer audit log=audit.log
t=2018-08-28T18:38:30-0700 lvl=info msg=Configured api=signer audit log=audit.log
t=2018-08-28T18:39:11-0700 lvl=info msg=Configured api=signer audit log=audit.log
t=2018-08-28T18:39:55-0700 lvl=info msg=Configured api=signer audit log=audit.log
t=2018-08-28T18:42:45-0700 lvl=info msg=Configured api=signer audit log=audit.log
t=2018-08-28T18:43:01-0700 lvl=info msg=Configured api=signer audit log=audit.log
t=2018-08-28T18:43:18-0700 lvl=info msg=Configured api=signer audit log=audit.log
t=2018-08-28T18:43:30-0700 lvl=info msg=Configured api=signer audit log=audit.log
t=2018-08-28T18:43:37-0700 lvl=info msg=Configured api=signer audit log=audit.log
t=2018-08-28T18:43:53-0700 lvl=info msg=Configured api=signer audit log=audit.log
t=2018-08-28T18:44:12-0700 lvl=info msg=Configured api=signer audit log=audit.log
t=2018-08-28T18:44:26-0700 lvl=info msg=Configured api=signer audit log=audit.log
t=2018-08-28T18:44:41-0700 lvl=info msg=Configured api=signer audit log=audit.log
t=2018-08-28T18:45:20-0700 lvl=info msg=Configured api=signer audit log=audit.log
t=2018-08-28T18:45:40-0700 lvl=info msg=Configured api=signer audit log=audit.log
t=2018-08-28T18:45:49-0700 lvl=info msg=Configured api=signer audit log=audit.log
t=2018-08-28T19:22:55-0700 lvl=info msg=Configured api=signer audit log=audit.log
t=2018-08-28T19:23:51-0700 lvl=info msg=Configured api=signer audit log=audit.log
t=2018-08-28T19:24:12-0700 lvl=info msg=Configured api=signer audit log=audit.log
t=2018-08-28T19:28:18-0700 lvl=info msg=Configured api=signer audit log=audit.log
t=2018-08-28T19:39:22-0700 lvl=info msg=Configured api=signer audit log=audit.log
t=2018-08-28T19:44:03-0700 lvl=info msg=Configured api=signer audit log=audit.log
t=2018-08-28T19:44:31-0700 lvl=info msg=Configured api=signer audit log=audit.log
t=2018-08-28T19:44:44-0700 lvl=info msg=Configured api=signer audit log=audit.log
t=2018-08-28T19:45:47-0700 lvl=info msg=Configured api=signer audit log=audit.log
t=2018-08-28T19:46:20-0700 lvl=info msg=Configured api=signer audit log=audit.log
t=2018-08-28T19:47:00-0700 lvl=info msg=Configured api=signer audit log=audit.log
t=2018-08-28T19:47:38-0700 lvl=info msg=Configured api=signer audit log=audit.log
t=2018-08-28T19:47:59-0700 lvl=info msg=Configured api=signer audit log=audit.log
t=2018-08-28T19:48:47-0700 lvl=info msg=Configured api=signer audit log=audit.log
t=2018-08-28T19:57:15-0700 lvl=info msg=Configured api=signer audit log=audit.log
t=2018-08-28T20:00:23-0700 lvl=info msg=Configured api=signer audit log=audit.log
t=2018-08-28T20:01:54-0700 lvl=info msg=Configured api=signer audit log=audit.log
t=2018-08-28T20:04:12-0700 lvl=info msg=Configured api=signer audit log=audit.log
t=2018-08-28T20:04:47-0700 lvl=info msg=Configured api=signer audit log=audit.log
t=2018-08-28T20:06:18-0700 lvl=info msg=Configured api=signer audit log=audit.log
t=2018-08-28T20:06:38-0700 lvl=info msg=Configured api=signer audit log=audit.log
t=2018-08-28T20:06:52-0700 lvl=info msg=Configured api=signer audit log=audit.log
t=2018-08-28T20:08:05-0700 lvl=info msg=Configured api=signer audit log=audit.log
t=2018-08-28T20:08:23-0700 lvl=info msg=Configured api=signer audit log=audit.log
t=2018-08-28T20:10:58-0700 lvl=info msg=Configured api=signer audit log=audit.log
t=2018-08-28T20:17:49-0700 lvl=info msg=Configured api=signer audit log=audit.log
t=2018-08-28T20:17:56-0700 lvl=info msg=Configured api=signer audit log=audit.log
t=2018-08-28T20:18:07-0700 lvl=info msg=Configured api=signer audit log=audit.log
t=2018-08-28T20:18:28-0700 lvl=info msg=Configured api=signer audit log=audit.log
t=2018-08-28T20:19:25-0700 lvl=info msg=Configured api=signer audit log=audit.log
t=2018-08-28T20:24:08-0700 lvl=info msg=Configured api=signer audit log=audit.log
t=2018-08-28T20:24:49-0700 lvl=info msg=Configured api=signer audit log=audit.log
t=2018-08-28T20:24:58-0700 lvl=info msg=Configured api=signer audit log=audit.log
t=2018-08-28T20:26:00-0700 lvl=info msg=Configured api=signer audit log=audit.log
t=2018-08-28T20:29:01-0700 lvl=info msg=Configured api=signer audit log=audit.log
t=2018-08-28T20:41:10-0700 lvl=info msg=Configured api=signer audit log=audit.log
t=2018-08-28T20:41:55-0700 lvl=info msg=Configured api=signer audit log=audit.log
t=2018-08-28T20:52:57-0700 lvl=info msg=Configured api=signer audit log=audit.log
t=2018-08-28T20:53:45-0700 lvl=info msg=Configured api=signer audit log=audit.log
t=2018-08-28T20:54:24-0700 lvl=info msg=Configured api=signer audit log=audit.log
t=2018-08-28T20:56:39-0700 lvl=info msg=Configured api=signer audit log=audit.log
t=2018-08-28T20:57:15-0700 lvl=info msg=Configured api=signer audit log=audit.log
t=2018-08-28T20:57:54-0700 lvl=info msg=Configured api=signer audit log=audit.log
t=2018-08-28T20:58:46-0700 lvl=info msg=Configured api=signer audit log=audit.log
t=2018-08-28T20:59:07-0700 lvl=info msg=Configured                                                                                  api=signer audit log=audit.log
t=2018-08-28T20:59:34-0700 lvl=info msg=Configured                                                                                  api=signer audit log=audit.log
t=2018-08-28T21:00:35-0700 lvl=info msg=Configured                                                                                  api=signer audit log=audit.log
t=2018-08-28T21:02:07-0700 lvl=info msg=Configured                                                                                  api=signer audit log=audit.log
t=2018-08-28T21:02:19-0700 lvl=info msg=Configured                                                                                  api=signer audit log=audit.log
t=2018-08-28T21:04:15-0700 lvl=info msg=Configured api=signer audit log=audit.log
t=2018-08-28T21:06:00-0700 lvl=info msg=Configured api=signer audit log=audit.log
t=2018-08-28T21:06:39-0700 lvl=info msg=Configured api=signer audit log=audit.log
t=2018-08-28T21:06:57-0700 lvl=info msg=Configured api=signer audit log=audit.log
t=2018-08-28T21:07:59-0700 lvl=info msg=Configured api=signer audit log=audit.log
t=2018-08-28T21:08:31-0700 lvl=info msg=Configured api=signer audit log=audit.log
t=2018-08-28T21:08:43-0700 lvl=info msg=Configured api=signer audit log=audit.log
t=2018-08-28T21:09:07-0700 lvl=info msg=Configured api=signer audit log=audit.log
t=2018-08-28T21:09:28-0700 lvl=info msg=Configured api=signer audit log=audit.log
t=2018-08-28T21:09:56-0700 lvl=info msg=Configured api=signer audit log=audit.log
t=2018-08-28T21:10:07-0700 lvl=info msg=Configured api=signer audit log=audit.log
t=2018-08-28T21:10:18-0700 lvl=info msg=Configured api=signer audit log=audit.log
t=2018-08-28T21:10:25-0700 lvl=info msg=Configured api=signer audit log=audit.log
t=2018-08-28T21:18:24-0700 lvl=info msg=Configured                                                                                  api=signer audit log=audit.log
t=2018-08-28T21:19:04-0700 lvl=info msg=Configured                                                                                  api=signer audit log=audit.log
t=2018-08-28T21:20:01-0700 lvl=info msg=Configured api=signer audit log=audit.log
t=2018-08-28T21:20:52-0700 lvl=info msg=Configured api=signer audit log=audit.log
t=2018-08-28T21:21:43-0700 lvl=info msg=Configured api=signer audit log=audit.log
t=2018-08-28T21:28:00-0700 lvl=info msg=Configured api=signer audit log=audit.log
t=2018-08-28T21:30:31-0700 lvl=info msg=Configured api=signer audit log=audit.log
t=2018-08-28T21:32:05-0700 lvl=info msg=Configured api=signer audit log=audit.log
t=2018-08-28T21:32:34-0700 lvl=info msg=Configured api=signer audit log=audit.log
t=2018-08-28T21:33:42-0700 lvl=info msg=Configured api=signer audit log=audit.log
t=2018-08-28T21:35:58-0700 lvl=info msg=Configured api=signer audit log=audit.log
t=2018-08-28T21:36:23-0700 lvl=info msg=Configured api=signer audit log=audit.log
t=2018-08-28T21:36:49-0700 lvl=info msg=Configured api=signer audit log=audit.log
t=2018-08-28T21:38:21-0700 lvl=info msg=Configured api=signer audit log=audit.log
t=2018-08-28T21:40:49-0700 lvl=info msg=Configured api=signer audit log=audit.log
t=2018-08-28T21:41:10-0700 lvl=info msg=Configured api=signer audit log=audit.log
t=2018-08-28T21:41:30-0700 lvl=info msg=Configured api=signer audit log=audit.log
t=2018-08-28T21:42:21-0700 lvl=info msg=Configured api=signer audit log=audit.log
t=2018-08-28T21:43:34-0700 lvl=info msg=Configured api=signer audit log=audit.log
t=2018-08-28T21:44:45-0700 lvl=info msg=Configured api=signer audit log=audit.log
t=2018-08-28T21:45:10-0700 lvl=info msg=Configured api=signer audit log=audit.log
t=2018-08-28T21:45:24-0700 lvl=info msg=Configured api=signer audit log=audit.log
t=2018-08-28T21:46:18-0700 lvl=info msg=Configured api=signer audit log=audit.log
t=2018-08-28T21:46:36-0700 lvl=info msg=Configured api=signer audit log=audit.log
t=2018-08-29T18:21:12-0700 lvl=info msg=Configured api=signer audit log=audit.log
t=2018-08-29T18:24:49-0700 lvl=info msg=Configured api=signer audit log=audit.log
t=2018-08-29T18:26:19-0700 lvl=info msg=Configured api=signer audit log=audit.log
t=2018-08-29T18:26:50-0700 lvl=info msg=Configured api=signer audit log=audit.log
t=2018-08-29T18:27:48-0700 lvl=info msg=Configured api=signer audit log=audit.log
t=2018-08-29T18:28:01-0700 lvl=info msg=Configured api=signer audit log=audit.log
t=2018-08-29T18:28:09-0700 lvl=info msg=Configured api=signer audit log=audit.log
t=2018-08-29T18:29:03-0700 lvl=info msg=Configured api=signer audit log=audit.log
t=2018-08-29T18:29:27-0700 lvl=info msg=Configured api=signer audit log=audit.log
t=2018-08-29T18:30:30-0700 lvl=info msg=Configured api=signer audit log=audit.log
t=2018-08-29T18:30:52-0700 lvl=info msg=Configured api=signer audit log=audit.log
t=2018-08-29T18:31:40-0700 lvl=info msg=Configured api=signer audit log=audit.log
t=2018-08-29T18:32:24-0700 lvl=info msg=Configured api=signer audit log=audit.log
t=2018-08-29T18:35:25-0700 lvl=info msg=Configured api=signer audit log=audit.log
t=2018-08-29T18:35:39-0700 lvl=info msg=Configured api=signer audit log=audit.log
t=2018-08-29T18:37:47-0700 lvl=info msg=Configured api=signer audit log=audit.log
t=2018-08-29T18:39:13-0700 lvl=info msg=Configured api=signer audit log=audit.log
t=2018-08-29T18:39:38-0700 lvl=info msg=Configured api=signer audit log=audit.log
t=2018-08-29T18:39:50-0700 lvl=info msg=Configured api=signer audit log=audit.log
t=2018-08-29T18:42:27-0700 lvl=info msg=Configured api=signer audit log=audit.log
t=2018-08-29T18:42:47-0700 lvl=info msg=Configured api=signer audit log=audit.log
t=2018-08-29T18:43:07-0700 lvl=info msg=Configured api=signer audit log=audit.log
t=2018-08-29T18:45:50-0700 lvl=info msg=Configured api=signer audit log=audit.log
t=2018-08-29T18:45:59-0700 lvl=info msg=Configured api=signer audit log=audit.log
t=2018-08-29T18:47:01-0700 lvl=info msg=Configured api=signer audit log=audit.log
t=2018-08-29T18:48:43-0700 lvl=info msg=Configured api=signer audit log=audit.log
t=2018-08-29T18:49:23-0700 lvl=info msg=Configured api=signer audit log=audit.log
t=2018-08-29T18:49:34-0700 lvl=info msg=Configured api=signer audit log=audit.log
t=2018-08-29T18:49:41-0700 lvl=info msg=Configured api=signer audit log=audit.log
t=2018-08-29T18:49:56-0700 lvl=info msg=Configured api=signer audit log=audit.log
t=2018-08-29T18:50:02-0700 lvl=info msg=Configured api=signer audit log=audit.log
t=2018-08-29T18:50:50-0700 lvl=info msg=Configured api=signer audit log=audit.log
t=2018-08-29T18:51:40-0700 lvl=info msg=Configured api=signer audit log=audit.log
t=2018-08-29T18:52:08-0700 lvl=info msg=Configured api=signer audit log=audit.log
t=2018-08-29T18:52:31-0700 lvl=info msg=Configured api=signer audit log=audit.log
t=2018-08-29T18:53:02-0700 lvl=info msg=Configured api=signer audit log=audit.log
t=2018-08-29T18:53:35-0700 lvl=info msg=Configured api=signer audit log=audit.log
t=2018-08-29T20:42:02-0700 lvl=info msg=Configured api=signer audit log=audit.log
t=2018-08-29T20:49:16-0700 lvl=info msg=Configured api=signer audit log=audit.log
t=2018-08-29T20:50:31-0700 lvl=info msg=Configured api=signer audit log=audit.log
t=2018-08-29T20:51:18-0700 lvl=info msg=Configured api=signer audit log=audit.log
t=2018-08-29T20:54:05-0700 lvl=info msg=Configured api=signer audit log=audit.log
t=2018-08-29T20:57:20-0700 lvl=info msg=Configured api=signer audit log=audit.log
t=2018-08-29T20:58:49-0700 lvl=info msg=Configured api=signer audit log=audit.log
t=2018-08-29T21:05:14-0700 lvl=info msg=Configured api=signer audit log=audit.log
t=2018-08-29T21:06:06-0700 lvl=info msg=Configured api=signer audit log=audit.log
t=2018-08-29T21:08:06-0700 lvl=info msg=Configured api=signer audit log=audit.log
t=2018-08-29T21:09:15-0700 lvl=info msg=Configured api=signer audit log=audit.log
t=2018-08-29T21:09:43-0700 lvl=info msg=Configured api=signer audit log=audit.log
t=2018-08-29T21:10:17-0700 lvl=info msg=Configured api=signer audit log=audit.log
t=2018-08-29T21:11:24-0700 lvl=info msg=Configured api=signer audit log=audit.log
